000000000000000000000000000000000000000000000000000000000000000000000000000
001110001110001110001110001110001110001110001110001110001110001110001110001
010101010101010101010101010101010101010101010101010101010101010101010101010
011011011011011011011011011011011011011011011011011011011011011011011011011
100100100100100100100100100100100100100100100100100100100100100100100100100
101010101010101010101010101010101010101010101010101010101010101010101010101
110001110001110001110001110001110001110001110001110001110001110001110001110
111111111111111111111111111111111111111111111111111111111111111111111111111
10010010010010010010010010010010010010010010010010
10101010101010101010101010101010101010101010101010
11000111000111000111000111000111000111000111000111
11111111111111111111111111111111111111111111111111
0000000000000000000000000000000000000000000000000000000000000000000000000000000000000000000000000000
0011100011100011100011100011100011100011100011100011100011100011100011100011100011100011100011100011
0101010101010101010101010101010101010101010101010101010101010101010101010101010101010101010101010101
0110110110110110110110110110110110110110110110110110110110110110110110110110110110110110110110110110
1001001001001001001001001001001001001001001001001001001001001001001001001001001001001001001001001001
1010101010101010101010101010101010101010101010101010101010101010101010101010101010101010101010101010
1100011100011100011100011100011100011100011100011100011100011100011100011100011100011100011100011100
1111111111111111111111111111111111111111111111111111111111111111111111111111111111111111111111111111
1010101010101010101010101010101010101010101010101010101010101010101010101010101010101010101010101010
1100011100011100011100011100011100011100011100011100011100011100011100011100011100011100011100011100
IMPOSSIBLE
1111111111
00000000000000000000
01010101010101010101
IMPOSSIBLE
