these -330
names 327
are -173
dumb 176
Alex 0
Bob 0
Catherine 0
Dave 0
Ebert 0
Francis 0
Godot 0
Harris 0
Iliya 0
Jimbo 0
paul 1741
stan -462
mark -438
doug -570
fred -428
bill 95
hank 249
rich -853
mike 364
john 302
paul 4752
stan 2752
mark -1998
doug 156
fred -1560
bill -178
hank -96
rich -1998
mike -1530
john -300
someguy 1000
someotherguy -1000
dave 302
laura 66
owen -359
vick 141
amr -150
mitnik 2923
Poulsen 557
Tanner 128
Stallman -311
Ritchie -1777
Baran 245
Spafford -1997
Farmer 440
Venema 391
Linus -599
john 0
lennon 0
a 176
b 500
c -297
d -1768
e -1319
f 1075
g 107
h 1526
