2.514
100.000
2.514
100.000
100.000
100.000
100.000
100.000
100.000
100.000
100.000
94.144
85.914
100.000
100.000
100.000
68.857
35.802
51.797
51.797
61.405
0.000
0.000
14.331
0.000
100.000
61.405
61.405
0.000
100.000
0.000
31.889
0.000
0.000
0.000
0.000
100.000
100.000
100.000
31.889
100.000
53.478
0.000
24.655
24.655
53.478
0.000
100.000
0.000
0.000
32.321
54.672
0.000
68.949
100.000
62.858
100.000
0.000
97.822
100.000
40.221
100.000
0.181
0.000
0.000
5.163
5.420
0.000
78.778
0.000
86.630
43.623
5.163
0.162
100.000
0.000
0.000
56.862
7.876
100.000
50.711
0.000
60.217
0.000
0.000
0.000
3.914
93.100
100.000
0.000
0.000
0.112
0.000
81.223
11.698
11.268
37.672
76.879
16.109
9.930
66.092
0.000
100.000
61.067
9.729
0.000
66.092
23.928
100.000
5.383
0.000
100.000
100.000
68.643
16.109
0.000
5.006
5.006
32.657
24.858
16.109
73.681
38.381
99.243
0.000
38.623
0.000
0.000
0.000
54.882
0.000
0.000
4.836
86.976
40.038
0.000
0.000
49.061
96.338
0.000
100.000
76.697
0.000
3.037
100.000
0.000
43.156
0.000
100.000
0.000
11.240
3.907
0.000
100.000
0.868
11.240
0.000
0.000
94.215
52.037
16.845
0.000
8.576
1.709
46.015
2.681
54.266
100.000
0.000
0.000
15.676
72.196
98.424
0.000
100.000
0.000
2.357
0.000
7.040
7.040
2.778
5.688
3.303
13.080
1.640
0.000
2.475
94.690
0.000
100.000
100.000
100.000
0.000
19.039
41.215
0.000
0.000
8.698
31.267
36.006
43.205
39.969
0.000
14.587
14.587
0.000
14.484
0.000
15.060
0.000
0.000
28.110
0.000
0.000
8.846
11.633
6.250
14.484
0.000
0.000
0.000
0.000
100.000
12.112
0.000
0.000
0.000
0.000
0.000
0.000
100.000
1.605
0.000
0.000
0.000
0.000
0.000
0.000
0.000
23.711
0.000
57.912
23.420
33.523
100.000
0.273
0.000
3.367
0.000
25.258
17.682
0.000
6.014
70.365
17.665
0.000
35.222
72.558
20.712
0.000
100.000
9.335
0.000
0.000
19.118
16.097
8.373
7.162
3.914
10.026
55.414
7.219
7.219
0.000
0.000
79.583
7.309
33.080
0.000
2.110
0.000
0.175
42.212
0.000
5.679
0.000
1.300
75.616
3.478
37.456
0.000
0.000
1.035
0.000
5.297
75.616
0.000
0.000
0.000
8.475
30.071
67.941
61.541
100.000
29.833
100.000
71.923
100.000
99.167
100.000
100.000
100.000
97.715
100.000
98.887
98.887
100.000
29.240
98.056
98.056
29.240
97.715
97.715
29.240
98.056
100.000
100.000
100.000
100.000
100.000
0.742
9.229
100.000
9.229
100.000
0.000
57.344
100.000
57.344
60.482
57.728
57.728
57.344
100.000
0.000
100.000
0.742
92.668
100.000
92.668
92.668
43.954
27.133
100.000
0.000
0.707
100.000
0.000
43.954
92.668
80.265
27.133
100.000
100.000
0.000
43.954
100.000
100.000
0.000
70.422
0.742
54.829
52.656
100.000
100.000
100.000
100.000
52.792
100.000
52.099
100.000
10.226
87.522
100.000
100.000
10.012
100.000
10.012
40.097
100.000
40.097
40.097
58.497
0.000
100.000
91.970
0.000
1.277
0.000
0.000
100.000
100.000
0.000
100.000
100.000
100.000
3.985
0.000
75.000
100.000
91.000
49.167
88.926
97.404
97.843
33.315
100.000
100.000
100.000
100.000
100.000
100.000
100.000
100.000
100.000
100.000
100.000
100.000
100.000
100.000
100.000
100.000
100.000
100.000
100.000
100.000
94.847
100.000
15.000
59.994
23.930
89.323
57.568
100.000
100.000
100.000
57.568
100.000
49.469
34.893
0.000
0.000
28.964
34.893
24.643
34.893
7.488
89.323
89.323
100.000
100.000
100.000
89.323
32.665
100.000
82.909
29.073
0.000
0.000
82.909
25.555
17.654
17.654
24.643
95.046
0.000
0.000
30.206
8.437
0.000
89.323
14.154
11.300
7.964
5.551
14.154
0.000
71.112
89.323
7.401
63.497
0.000
100.000
0.000
7.401
30.206
48.736
100.000
73.735
100.000
8.437
100.000
73.735
89.323
100.000
16.010
100.000
53.696
6.880
0.000
100.000
80.123
7.625
0.000
80.123
100.000
12.353
0.000
100.000
33.113
100.000
12.353
65.705
2.379
2.379
48.682
62.818
100.000
66.346
0.000
100.000
69.314
100.000
18.873
12.353
3.642
0.000
0.000
71.598
100.000
0.000
0.000
7.625
0.000
20.951
35.071
25.872
25.872
0.000
100.000
98.860
0.000
0.000
38.462
0.000
2.379
7.625
0.000
0.000
0.000
29.877
0.000
100.000
69.796
0.000
23.981
0.000
0.147
0.000
0.000
15.764
0.000
4.498
54.582
0.000
12.353
0.000
47.843
0.147
6.879
26.072
23.734
0.000
100.000
0.147
30.772
54.582
0.000
4.498
0.000
0.000
100.000
100.000
100.000
10.751
7.625
0.000
12.353
100.000
65.537
0.000
3.118
30.670
0.000
3.642
37.927
7.625
0.000
57.446
6.277
54.582
6.277
57.446
4.498
0.000
0.147
12.353
46.588
41.347
41.347
97.771
0.000
15.674
0.000
0.000
3.642
0.000
15.674
10.751
0.000
10.751
34.574
15.067
0.000
43.368
3.717
3.717
0.000
0.000
0.000
0.000
0.000
0.000
0.000
20.275
0.000
14.926
0.000
46.588
35.714
0.801
14.095
79.482
10.450
0.000
100.000
49.027
0.000
0.000
100.000
3.306
100.000
3.256
42.226
55.029
5.500
26.497
24.901
23.698
0.000
2.184
26.684
26.684
0.000
0.000
15.549
0.545
100.000
100.000
37.215
100.000
100.000
37.215
100.000
100.000
100.000
37.215
100.000
