7 9 10 8 6 5 7 9 11 12 10 8 6 4 3 5 7 9 11 13
14 12 10 8 6 4 2 1 3 5 7 9 11 13 15 14 12 10 8 6
4 2 3 5 7 9 11 13 12 10 8 6 4 5 7 9 11 10 8 6
7 9 8
5 7 8 6 4 3 5 7 9 10 8 6 4 2 1 3 5 7 9 11
10 8 6 4 2 3 5 7 9 8 6 4 5 7 6
11 13 14 12 10 9 11 13 15 16 14 12 10 8 7 9 11 13 15 17
18 16 14 12 10 8 6 5 7 9 11 13 15 17 19 20 18 16 14 12
10 8 6 4 3 5 7 9 11 13 15 17 19 21 22 20 18 16 14 12
10 8 6 4 2 1 3 5 7 9 11 13 15 17 19 21 23 22 20 18
16 14 12 10 8 6 4 2 3 5 7 9 11 13 15 17 19 21 20 18
16 14 12 10 8 6 4 5 7 9 11 13 15 17 19 18 16 14 12 10
8 6 7 9 11 13 15 17 16 14 12 10 8 9 11 13 15 14 12 10
11 13 12
10 12 13 11 9 8 10 12 14 15 13 11 9 7 6 8 10 12 14 16
17 15 13 11 9 7 5 4 6 8 10 12 14 16 18 19 17 15 13 11
9 7 5 3 2 4 6 8 10 12 14 16 18 20 21 19 17 15 13 11
9 7 5 3 1 2 4 6 8 10 12 14 16 18 20 19 17 15 13 11
9 7 5 3 4 6 8 10 12 14 16 18 17 15 13 11 9 7 5 6
8 10 12 14 16 15 13 11 9 7 8 10 12 14 13 11 9 10 12 11
8 10 11 9 7 6 8 10 12 13 11 9 7 5 4 6 8 10 12 14
15 13 11 9 7 5 3 2 4 6 8 10 12 14 16 17 15 13 11 9
7 5 3 1 2 4 6 8 10 12 14 16 15 13 11 9 7 5 3 4
6 8 10 12 14 13 11 9 7 5 6 8 10 12 11 9 7 8 10 9
3 5 6 4 2 1 3 5 7 6 4 2 3 5 4
1 3 2
4 6 7 5 3 2 4 6 8 9 7 5 3 1 2 4 6 8 7 5
3 4 6 5
12 14 15 13 11 10 12 14 16 17 15 13 11 9 8 10 12 14 16 18
19 17 15 13 11 9 7 6 8 10 12 14 16 18 20 21 19 17 15 13
11 9 7 5 4 6 8 10 12 14 16 18 20 22 23 21 19 17 15 13
11 9 7 5 3 2 4 6 8 10 12 14 16 18 20 22 24 25 23 21
19 17 15 13 11 9 7 5 3 1 2 4 6 8 10 12 14 16 18 20
22 24 23 21 19 17 15 13 11 9 7 5 3 4 6 8 10 12 14 16
18 20 22 21 19 17 15 13 11 9 7 5 6 8 10 12 14 16 18 20
19 17 15 13 11 9 7 8 10 12 14 16 18 17 15 13 11 9 10 12
14 16 15 13 11 12 14 13
9 11 12 10 8 7 9 11 13 14 12 10 8 6 5 7 9 11 13 15
16 14 12 10 8 6 4 3 5 7 9 11 13 15 17 18 16 14 12 10
8 6 4 2 1 3 5 7 9 11 13 15 17 19 18 16 14 12 10 8
6 4 2 3 5 7 9 11 13 15 17 16 14 12 10 8 6 4 5 7
9 11 13 15 14 12 10 8 6 7 9 11 13 12 10 8 9 11 10
