1 1
2 4
3 9
4 11
8 44
C 99
11 121
14 191
22 484
29 6B6
44 1331
51 1AA1
88 4CC4
99 6226
101 10201
111 12321
121 14641
131 16B61
1 1
2 4
3 9
6 33
11 121
22 484
24 565
66 3993
77 5335
101 10201
111 12321
121 14641
202 40804
212 44944
234 53535
1 1
2 11
11 121
101 10201
102 11111
202 112211
211 122221
1001 1002001
1021 1120211
2002 11022011
10001 100020001
10022 101212101
11012 122111221
12201 1012112101
20002 1100220011
100001 10000200001
100201 10111011101
1 1
2 4
3 9
4 G
11 121
22 484
2D 777
3B D0D
1 1
11 1001
1 1
2 4
3 9
11 121
22 484
26 676
101 10201
111 12321
121 14641
202 40804
212 44944
264 69696
1 1
2 4
11 121
101 10201
111 12321
231 114411
1001 1002001
1111 1234321
1 1
2 4
3 9
4 G
11 121
22 484
25 515
33 9I9
DD 9669
