36
11
7
13
15
9
38
7
17
11
15
10
18
15
16
2
14
19
5
3
27
12
1
34
10
20
6
12
21
13
17
15
23
11
24
17
20
8
5
30
7
35
11
25
21
18
16
6
39
2
37
5
39
15
30
8
16
19
13
22
16
27
38
17
36
12
37
11
30
31
29
22
38
28
13
33
40
28
24
18
32
31
37
20
19
35
24
36
18
39
21
36
29
39
36
38
37
34
40
35
37
4
3
5
2
9
5
4
10
1
7
3
6
5
10
7
9
426
49
60
158
60
356
40
149
124
110
46
18
174
252
83
22
339
358
33
284
40
187
140
12
61
95
340
210
66
153
103
45
192
58
21
177
63
107
70
28
76
198
73
2
106
167
221
148
156
361
34
4
50
24
189
10
329
85
168
27
307
120
44
128
20
99
71
73
50
327
421
219
18
279
37
96
74
12
69
5
366
199
44
241
144
70
449
52
272
69
9
105
464
7
359
86
14
69
108
72
59
11
369
97
302
77
223
24
333
30
172
124
458
127
112
2
247
378
3
122
13
19
150
116
13
467
27
332
210
72
435
267
84
56
84
160
90
272
210
170
59
403
415
1
88
35
34
38
347
330
130
51
64
387
242
15
424
28
288
201
101
37
181
31
331
116
499
76
232
278
12
81
125
368
87
91
354
122
117
43
115
258
84
199
113
389
42
233
243
82
137
193
74
32
223
83
138
112
480
20
126
51
218
14
119
89
1
228
8
305
84
255
46
132
102
26
262
153
227
206
303
87
144
198
353
18
291
35
128
321
332
300
30
264
12
155
14
197
168
41
141
4
343
111
141
89
242
66
216
411
4
423
408
25
47
297
40
215
273
411
58
136
352
131
223
106
207
158
88
161
375
149
183
135
104
329
157
119
126
109
132
159
190
188
145
118
154
352
258
255
58
444
174
274
129
3
205
141
293
66
415
48
166
475
64
452
46
261
226
65
195
401
128
402
21
310
28
353
37
244
42
356
417
494
63
168
48
175
20
155
127
220
56
229
272
210
227
218
23
86
204
14
230
98
447
40
253
77
463
156
454
84
300
110
96
495
48
264
416
56
306
26
378
304
33
399
20
234
35
429
159
208
409
12
275
88
170
489
175
148
408
375
300
308
16
386
405
27
377
182
254
74
108
99
346
133
494
104
398
30
360
34
196
82
284
46
344
6
176
320
49
295
44
374
193
140
100
158
108
211
54
316
258
345
215
432
253
168
92
349
40
271
36
152
495
67
314
45
473
1
238
140
211
106
336
295
88
173
241
197
204
409
49
412
20
326
360
99
454
474
230
110
237
221
291
470
296
218
138
252
304
163
73
472
27
404
94
391
119
196
101
282
452
172
304
174
303
132
266
118
318
398
48
442
185
276
201
481
107
333
164
139
492
38
439
106
389
211
109
267
453
63
194
412
37
461
97
302
149
199
228
103
146
209
205
255
149
456
251
111
398
126
123
306
52
492
202
480
430
21
315
193
155
302
160
429
190
494
218
146
418
1
459
242
85
478
110
379
185
294
218
168
196
384
101
446
42
397
144
268
352
307
274
238
481
307
409
143
71
248
500
103
396
56
323
324
119
309
397
305
254
159
322
188
228
140
385
82
383
47
419
12
364
252
343
344
84
412
207
179
242
227
301
402
192
236
74
270
360
241
240
312
438
15
427
135
440
20
338
424
167
293
223
304
329
222
257
210
463
175
177
302
164
145
284
137
471
56
399
130
372
114
235
425
203
463
188
234
422
497
44
477
89
313
315
367
114
341
499
489
178
162
230
377
192
333
346
169
260
440
265
41
380
51
413
76
438
389
229
374
348
88
180
473
87
344
380
369
151
231
127
295
266
211
346
258
359
410
86
447
132
388
97
473
332
303
145
317
221
488
214
61
361
100
271
382
242
228
421
322
476
303
219
383
144
354
188
479
20
351
192
485
409
144
396
245
214
477
405
127
306
354
442
233
351
410
103
497
142
448
195
411
257
329
285
36
281
449
106
471
156
483
19
213
369
189
465
369
274
316
373
131
353
233
448
232
289
286
372
163
401
132
461
329
310
459
265
335
100
275
484
178
367
118
365
158
298
241
383
315
375
348
119
430
82
436
391
442
246
372
424
340
458
145
495
133
498
315
405
413
268
392
74
349
88
418
398
259
276
293
261
302
415
427
258
410
453
306
366
331
293
452
257
414
361
379
369
433
159
419
353
457
453
408
450
207
449
242
443
182
446
424
445
63
297
255
186
290
205
472
413
308
295
456
398
380
383
496
290
431
232
475
89
363
440
404
144
479
498
401
254
251
463
253
494
318
412
218
399
279
297
449
369
447
241
412
382
284
445
115
400
335
294
435
433
439
226
500
233
451
406
263
445
347
367
261
303
429
372
476
326
373
425
445
430
315
427
279
324
447
365
289
420
461
349
401
362
396
313
329
494
440
406
316
377
199
434
223
357
497
475
448
483
418
442
426
409
254
493
56
486
474
452
264
463
409
449
411
414
482
240
484
311
377
211
416
181
239
285
387
461
416
411
300
439
451
456
447
389
272
348
452
364
487
305
404
270
471
220
458
447
393
412
426
429
1
2
1
2
1
2
1
2
1
2
1
2
1
2
1
2
1
2
1
2
1
2
1
2
1
2
1
2
1
2
1
2
1
2
1
2
1
2
1
2
1
2
1
2
1
2
1
2
1
2
1
2
1
2
1
2
1
2
1
2
1
2
1
2
1
2
1
2
1
2
1
2
1
2
1
2
1
2
1
2
1
2
1
2
10
20
1
2
3
1
1
2
3
4
2
5
4
6
5
7
138
55
100
16
109
287
144
35
89
60
61
195
89
115
142
117
51
100
108
60
118
44
112
33
23
79
185
159
119
95
84
40
103
10
103
43
166
122
68
31
5
187
97
27
65
26
38
54
275
16
113
41
52
62
30
136
6
158
2
201
168
3
12
116
33
75
121
202
30
226
218
29
200
103
124
272
49
113
253
70
65
71
107
102
11
167
100
145
259
58
20
137
183
49
199
8
96
33
90
123
27
254
73
96
41
199
91
7
262
21
125
173
225
82
266
26
45
268
161
116
155
166
143
232
91
108
105
95
189
164
19
217
129
40
150
266
62
241
280
175
34
176
75
254
166
160
88
207
74
279
125
181
99
92
50
262
84
97
131
32
102
99
114
15
186
33
110
83
22
211
13
180
14
139
114
46
48
235
77
172
1
264
53
128
28
87
117
59
202
31
250
40
275
68
120
134
170
185
167
122
84
203
21
246
299
175
92
72
9
81
245
24
104
168
102
133
256
105
202
68
191
92
98
92
160
114
72
128
99
127
128
194
8
227
99
158
91
193
98
283
24
140
23
86
272
99
249
186
158
103
224
127
295
3
42
131
178
161
232
102
163
149
147
187
117
239
94
136
72
228
169
227
119
172
32
130
142
159
276
10
219
160
142
274
123
270
174
60
295
129
69
194
118
73
174
78
114
175
100
193
166
215
179
227
129
174
165
58
190
185
277
143
271
16
290
101
230
158
230
165
157
14
237
114
284
118
275
72
236
44
218
69
213
194
233
272
219
170
287
186
199
286
182
232
200
115
208
6
288
294
128
256
231
46
234
71
156
35
278
89
250
77
208
175
102
220
5
251
215
189
175
250
80
140
275
139
242
72
255
230
166
266
177
268
181
108
198
20
257
117
262
220
78
216
41
271
96
176
296
100
259
97
231
136
164
239
167
223
65
282
256
268
287
282
186
224
149
227
200
296
167
279
163
216
300
277
266
224
284
158
264
245
257
219
291
172
275
207
129
271
243
294
193
223
108
250
294
290
131
276
138
235
230
186
270
230
290
299
298
142
276
266
279
194
249
225
269
187
298
180
283
107
252
107
278
264
280
271
260
198
136
217
201
254
226
220
163
237
168
198
202
222
160
218
279
284
202
205
156
273
269
