0 15 51 60 85 90 102 105 150 153
165 170 195 204 240
0 15 51 60 85 90 102 105 150 153
0 1 2 3 4
0 3 5 6 9 10 12 15 17 18
20 23 24 27 29 30 33 34 36 39
40 43 45 46 48 51 53 54 57 58
60 63 65 66 68 71 72 75 77 78
80 83 85 86 89 90 92 95 96 99
101 102 105 106 108 111 113 114 116 119
0 3 5 6 9 10 12 15 17 18
20 23 24 27 29 30 33 34 36 39
40 43 45 46 48 51 53 54 57 58
60 63 65 66 68 71 72 75 77 78
80 83 85 86 89 90 92 95 96 99
0 3 5 6 9 10 12 15 17 18
20 23 24 27 29 30 33 34 36 39
0 127
0 7 25 30 42 45 51 52 75 76
82 85 97 102 120 127
0 15 51
0 7 25 30 42 45 51 52 75 76
82 85 97 102 120 127
0 1 2 3 4 5 6 7 8 9
10 11 12 13 14 15 16 17 18 19
20 21 22 23 24 25 26 27 28 29
30 31
