81163
21961
54361
36307
17317

83233
36451
24337
35317
31771

83233
60427
34471
19801
13177

83341
20089
15733
72613
19333

84223
43651
26317
25147
31771

85213
22573
20359
65053
17911

85213
42571
40357
25057
17911

85213
52561
45307
16057
11971

86311
30493
24481
32707
37117
23879
48953
95267
76781
77339

23879
76943
47387
74891
99119

24977
38567
89273
75683
93719

24977
69761
35597
92567
99317

25589
66449
99713
96671
33797

25589
66863
59753
90677
79337

26597
66863
56783
92657
79319

26597
67943
59753
94547
73379

26597
97571
56747
61967
79337

26597
97571
56783
61949
79319

26849
87473
79427
96671
31799

26993
66629
65657
69761
93179

27479
36749
89381
74891
93719

27767
97607
50969
66683
79193

27893
96671
82757
35759
79139

27947
78059
94781
43499
77933

27983
65657
77573
57287
93719

28793
67961
84467
47279
93719

29387
97841
38747
84467
71777

29927
86861
53597
52697
99137
11399
75821
63671
85523
19139

11399
94811
63671
66533
19139

11939
61961
69431
93083
19139

12479
51971
99401
72383
19319

12479
86711
65381
79043
11939

12569
87701
39191
24953
91139

12569
92921
54581
76163
19319

12893
57191
73643
72707
39119

12983
91229
55733
58271
37337

13397
75821
69233
25763
71339

13649
17519
76631
70583
77171

13757
27617
64661
50387
99131

13757
37517
64661
40487
99131

13829
61961
86351
74093
19319

13829
65651
69341
73553
33179

13829
67181
84551
70079
19913

13829
69431
74453
64067
33773

13883
79241
64373
26717
71339

14369
67901
57191
24953
91139

14549
29921
40487
91463
79133

14549
39821
40487
81563
79133

14549
57713
65633
40487
77171

14657
84191
65543
71843
19319

14657
94541
51683
75533
19139

14747
19427
91571
30677
99131

14783
76343
63617
23099
77711

14891
87323
70853
49109
33377

15269
57641
86531
84713
11399

15269
59621
40577
60953
79133

15359
57641
76541
94613
11399

15467
51971
85523
83273
19319

15467
59009
26591
62753
91733

15629
28571
86351
91823
33179

15629
69233
70853
60647
39191

15683
31379
85703
83471
39317

15683
62591
95603
42557
39119

15737
67307
61637
77081
33791

15737
68531
72383
67523
31379

15737
94811
92363
19463
33179

15737
99401
14369
34673
91373

15773
27329
81671
99401
31379

15791
57641
36563
54419
91139

15881
57641
26573
64319
91139

15971
13649
49433
85361
91139

15971
46751
70529
89123
33179

16349
65309
48821
93083
31991

16493
65831
33809
40289
99131

16529
47741
39191
60953
91139

16547
67307
62627
77081
31991

16547
92921
38543
76163
31379

16691
11939
99401
36383
91139

16763
51719
38561
77171
71339

16871
75029
16691
55823
91139

16871
75029
56633
15287
91733

16943
52529
65651
89051
31379

16943
91229
57713
58271
31397

16943
93281
55733
52259
37337

17159
65651
80681
72923
19139

17159
77621
63671
85703
11399

17393
52817
76541
37463
71339

17393
70439
58901
75641
33179

17393
71429
56921
76631
33179

17393
71807
54941
78233
33179

17393
90473
56921
51647
39119

17393
91823
56921
56237
33179

17483
46643
36671
83417
71339

17519
65651
80627
72383
19373

17573
70439
34961
95441
37139

17573
71483
38921
90437
37139

17627
39461
82373
84713
31379

17627
86171
66533
73823
11399

17681
86171
66533
13829
71339

18149
76541
65651
83813
11399

18329
27941
57191
60953
91139

18329
79133
43853
80447
33791

18671
19139
40559
85451
91733

18671
19571
42359
83813
91139

18671
74471
67523
23549
71339

18743
47093
83813
92507
13397

19157
64661
48623
91733
31379

19373
90473
56921
51647
37139

19463
50387
92831
73553
19319

19553
21587
92723
82373
39317

19553
61781
92723
42179
39317

19553
63527
92723
48353
31397

19661
86171
64553
13829
71339

19913
31667
78341
54293
71339

19913
64661
55373
44267
71339
71249
29741
95027
27743
31793

71249
55661
66533
42737
19373

71249
55661
86531
22739
19373

71339
19751
97151
35339
31973

71339
56453
65633
42737
19391

71339
74561
15377
74363
19913

71339
75641
76541
14639
17393

71339
76253
65633
22937
19391

71339
95441
16547
54833
17393

71429
53861
68531
42359
19373

71429
75821
62591
26339
19373

71483
43943
48533
58217
33377

71483
85523
26717
38039
33791

71537
95441
14549
56633
17393

71663
59351
25169
27437
71933

71843
15377
98213
38723
31397

71861
27059
94613
28229
33791

71933
11597
88241
46643
37139

71933
19751
37139
35537
91193

71933
35393
84263
26627
37337

71933
41189
45491
77621
19319

71933
95153
13757
35339
39371

72383
63743
28607
57047
33773

72383
73643
28643
47507
33377

72383
74471
59513
15809
33377

72383
85361
24809
33629
39371

72671
34673
61583
47309
39317

72671
74471
21587
47507
39317

72923
17483
80627
65129
19391

72923
35393
81293
26627
39317

72923
35393
83273
26627
37337

72923
93263
15737
34259
39371

73517
15647
63671
63347
39371

73517
76631
23279
48353
33773

73517
95441
12569
56633
17393

73553
10859
69431
68531
33179

73553
24971
34583
85109
37337

73553
51287
36563
54833
39317

73553
51449
38543
58631
33377

73553
51683
36563
54437
39317

73553
53267
38543
56813
33377

73553
53681
36563
54419
37337

73643
19661
35069
35447
91733

73643
24179
66533
77801
13397

73643
59351
23189
27437
71933

73643
61583
26573
54437
39317

73643
71483
26573
44537
39317

73643
74471
66533
27509
13397

73643
95261
13829
33629
39191

73751
50459
34583
59621
37139

73751
50459
54581
39623
37139

73751
90149
24809
49451
17393

73751
91571
13577
37337
39317

73751
93371
13577
37517
37337

73823
50459
39443
58451
33377

73823
51593
74471
36527
19139

73823
76163
27527
46049
31991

74219
14891
85361
61169
19913

74219
17681
83561
60719
19373

74219
72923
73643
15377
19391

74363
74471
51593
15809
39317

74381
73751
27617
48407
31397

74381
93371
27617
48407
11777

74453
13883
49523
84317
33377

74453
43781
49523
54419
33377

74453
43943
47543
58217
31397

74453
67181
27527
54419
31973

74453
73823
16673
59207
31397

74453
77081
27527
44519
31973

74471
72671
14657
56417
37337

74831
35159
64553
49037
31973

75227
65129
26591
56633
31973

75227
74561
10499
75353
19913

75353
31649
52583
58631
37337

75353
31649
56543
58631
33377

75353
31883
54563
54437
39317

75353
33647
56543
58613
31397

75353
33863
52583
56417
37337

75353
40577
34781
85703
19139

75353
60647
28661
57713
33179

75353
70583
15791
74507
19319

75353
73643
56543
18617
31397

75353
73751
28607
46049
31793

75353
83921
25673
39209
31397

75533
16493
94307
35447
33773

75533
24971
38543
85109
31397

75533
26591
94307
25349
33773

75641
16529
34673
35339
93371

75731
31469
85451
29723
33179

75731
61871
35339
49433
33179

75731
92381
26627
47417
13397

76163
73751
27617
46049
31973

76253
18743
51287
37337
71933

76253
23873
37607
84047
33773

76253
31649
65543
48731
33377

76253
34673
61583
45707
37337

76253
43853
37607
66047
31793

76253
47741
41549
58217
31793

76253
50873
36671
54617
37139

76253
54833
21587
25169
77711

76253
62591
36653
42719
37337

76253
63671
37607
44249
33773

76343
14639
51593
35267
77711

76343
51593
78341
37337
11939

76343
62627
25673
59513
31397

76343
63743
26627
57047
31793

76343
72077
28643
66713
11777

76343
74471
51593
15809
37337

76631
74471
23567
47507
33377

76631
81671
28517
37337
31397

77153
43691
48623
52709
33377

77243
23873
36653
84407
33377

77243
24179
64553
77801
11777

77243
31649
64553
48731
33377

77243
34673
64553
45707
33377

77243
36761
81509
26249
33791

77243
43781
37643
85109
11777

77243
47741
40559
58217
31793

77243
64373
64553
37607
11777

77351
72671
63617
28517
13397

77351
92381
26627
47417
11777

77513
24971
34583
85109
33377

77513
53681
36563
54419
33377

77513
81671
28463
36527
31379

77621
15377
47363
23459
91733

77621
16529
32693
35339
93371

77621
34673
64553
47309
31397

77621
72383
36653
57119
11777

77711
15647
36563
34439
91193

78233
15683
45707
82139
33791

78233
15773
44537
85037
31973

78233
25439
33863
86027
31991

78233
34673
65543
45707
31397

78233
53591
39623
52709
31397

78233
61871
66533
37139
11777

78233
71861
56453
17627
31379

79133
15359
91733
35537
33791

79133
31379
75533
57731
11777

79133
33377
73553
57713
11777

79133
35339
62861
46229
31991

79133
72671
18743
53609
31397

79151
15467
54563
34439
71933

79151
15647
34583
34439
91733

79151
35267
54563
14639
71933

79241
30497
71843
54059
19913

79241
43781
33647
87107
11777

79241
52673
73643
38219
11777

79241
72671
33647
58217
11777
11159
48221
82223
33353
13931

11393
24137
43613
72431
37313

11393
42821
86201
17333
31139

11447
48221
52253
65033
11933

11519
45233
82241
32561
17333

11717
57131
11393
71333
37313

12239
25253
97001
20681
33713

12239
26513
58031
20393
71711

12437
25703
45503
72053
33191

12437
48221
51263
65033
11933

12473
14327
31643
93131
37313

12473
80513
54413
28151
13337

12491
22157
47501
95021
11717

12491
22751
41507
95021
17117

12653
35423
50273
57221
33317

12743
21851
78101
45053
31139

12743
52541
41453
65033
17117

12923
25703
22067
35081
93113

13553
25127
41453
75041
33713

13553
35027
41453
65141
33713

13553
64007
33713
66221
11393

14327
71333
38321
31193
33713

14543
28403
52541
22229
71171

14543
43037
50543
43451
37313

14543
72503
32381
38321
31139

14543
73061
37313
32633
31337

14561
18251
42209
42533
71333

14561
28151
42209
32633
71333

14633
41453
86111
15551
31139

14723
20753
48221
74051
31139

14723
22571
42443
92033
17117

14723
41651
76103
25073
31337

14813
41651
64151
35153
33119

14813
50651
47123
45161
31139

14813
80153
18251
44351
31319

15173
50417
41813
64151
17333

15173
52433
14543
73421
33317

15173
82223
42443
15731
33317

15173
90017
41813
24551
17333

15263
52901
41381
48023
31319

15263
64601
25541
12149
71333

15443
22643
45503
94121
11177

15443
30851
57203
54251
31139

15443
40751
86111
15263
31319

15551
71081
34721
50417
17117

15551
82421
31517
48221
11177

17351
51407
50741
58211
11177

18143
42443
72503
44621
11177

18413
22643
42533
94121
11177

18413
42083
84131
12941
31319

18521
20483
45413
71153
33317
11351
14033
30323
53201
13313

11351
33203
30323
14033
33311

13313
13043
32303
50231
13331
25121
10271
54101
21611
11117
71153
13553
15137
55331
33713

72431
42227
24533
38303
11393

73331
32327
33533
38303
11393

73331
32507
13553
38303
31193
31379
58109
53951
72923
39191

31649
48371
93407
62753
19373

31649
86441
63527
54563
19373

31793
63149
65633
57641
37337

31793
71249
65651
47741
39119

31793
71249
67631
47741
37139

31793
96323
15737
12569
99131

31847
84551
17483
84533
37139

31883
19751
38273
74507
91139

31883
35933
63527
45077
79133

31973
59441
45293
47507
71339

31991
39047
67433
25349
91733

31991
90149
44843
69431
19139

32297
86711
23549
33863
79133

32369
67901
60647
77243
17393

32369
69431
27437
94343
31973

32369
69431
67433
54347
31973

32693
43781
94613
65327
19139

32693
57191
73643
52709
39317

33179
49433
33359
61871
77711

33179
85451
59351
65633
11939

33359
43961
78341
62753
37139

33359
99401
43457
47543
31793

33377
18617
92507
77261
33791

33629
29363
71429
81761
39371

33629
48371
93407
62753
17393

33629
85451
69341
55733
11399

33629
95531
49307
45293
31793

33647
49109
53681
87323
31793

33647
92921
67343
28463
33179

33773
81671
48623
54347
37139

33791
70529
48821
69233
33179

33791
80429
48821
59333
33179

33827
18059
95441
74453
33773

33827
41549
86711
74093
19373

33863
35933
61547
45077
79133

33863
35951
29363
85037
71339

33863
51449
99401
39461
31379

33863
55931
41549
45077
79133

33863
63059
58631
66821
33179

33863
81077
58631
44843
37139

33863
89051
54617
46229
31793

34259
85703
43943
52457
39191

34259
95603
43943
42557
39191

34259
96431
67307
25583
31973

34367
94541
52709
54563
19373

34439
56633
70619
74471
19391

34439
59333
31883
90527
39371

34439
69233
31883
80627
39371

34439
71861
69341
42773
37139

34439
92831
65381
25763
37139

34457
84731
27509
75083
33773

34673
57191
71663
52709
39317

34673
57713
17627
54347
91193

34673
76343
33647
33179
77711

34673
86243
33647
23279
77711

34673
97511
17627
14549
91193

34673
99401
14657
15629
91193

34763
19463
48407
61547
91373

34763
33827
39371
56453
91139

34763
38561
67217
23279
91733

34763
77351
63617
46049
33773

34781
77351
63617
48407
31397

34781
97151
63617
28607
31397

34961
16349
67433
45077
91733

34961
23459
67631
98123
31379

34961
44249
45833
31379
99131

34961
71249
59333
18671
71339

35159
47741
67631
71249
33773

35267
68711
40559
77243
33773

35447
19427
80537
86351
33791

35447
93911
16673
98123
11399

35447
95441
40739
64553
19373

35537
43781
98123
66173
11939

35573
13757
80681
86423
39119

35573
33359
80681
66821
39119

35591
70529
48821
69233
31379

35591
80429
48821
59333
31379

35591
84137
38723
25169
71933

35753
19139
62483
44267
93911

35753
27329
61673
99401
31397

35753
47129
61673
79601
31397

35753
61673
64661
54347
39119

35753
67343
61637
57047
33773

35753
77243
61637
47147
33773

35933
58271
74507
55049
31793

36293
36923
60737
22469
99131

36527
68261
83219
35573
31973

36563
61871
65633
54347
37139

36563
68261
92507
26249
31973

36563
68351
53717
65129
31793

36653
13577
71663
94343
39317

36653
51449
76631
57641
33179

36653
57173
73607
54347
33773

36653
61547
58631
67343
31379

36761
77351
61637
48407
31397

36761
91373
45833
44249
37337

36761
97151
61637
28607
31397

36833
35951
26393
85037
71339

36833
68351
52259
26177
71933

36833
81077
55661
44843
37139

36923
68261
52529
66047
31793

36923
91229
19391
16871
91139

37139
75641
54941
70439
17393

37139
99131
42467
44843
31973

37463
16943
65327
44087
91733

37463
30893
75821
92237
19139

37463
36761
65309
44087
71933

37463
50891
55823
92237
19139

37517
41981
92363
64373
19319

37643
11579
72671
94541
39119

37643
11777
72671
94343
39119

37643
41927
48371
36473
91139

37643
47381
73643
85109
11777

37643
57173
72617
54347
33773

37643
67181
73643
65309
11777

37643
86171
53609
44357
33773

37643
86171
73607
24359
33773

38183
82571
19913
81707
33179

38219
66821
55661
63059
31793

38219
96431
63347
25583
31973

38237
26339
27581
91463
71933

38273
44753
47507
53087
71933

38327
54851
51719
93263
17393

38327
83471
52709
61673
19373

38453
30893
74831
92237
19139

38453
31847
76631
77243
31379

38453
50891
54833
92237
19139

38543
31847
80681
67343
37139

38543
61547
80681
37643
37139

38543
76343
61637
47057
31973

38561
83219
34763
27077
71933

38651
11579
95603
76541
33179

38651
16349
64553
44267
91733

38651
48029
22973
52529
93371

38723
41189
86441
77261
11939

38723
76343
61637
47057
31793

39119
47741
65651
71249
31793

39119
61961
92381
22973
39119

39227
19751
70439
94343
31793

39443
39371
34457
50549
91733

39443
86423
23747
12569
93371

39461
10499
91841
94433
19319

39461
30389
70853
95531
19319

39461
60089
70853
65831
19319

39623
31469
68351
44771
71339

39623
32783
69341
42467
71339

39623
47381
35447
61169
71933

39623
47381
71663
85109
11777

39623
67181
71663
65309
11777

39623
77081
35447
31469
71933

39623
85361
26339
12497
91733
51157
81901
41257
19081
17713

51283
73063
26713
42139
17911

51427
45361
37243
63901
13177

51481
11467
44533
86311
17317

51481
16417
57601
14419
71191

51481
31357
54631
56503
17137

51517
82261
26263
33931
17137

51913
71551
24481
46027
17137

52147
26029
47431
53731
31771

52183
33931
61471
26407
37117

52183
81307
44641
19801
13177

52237
55711
35227
36541
31393

52291
21529
21943
96013
19333

52291
61057
62533
17911
17317

52363
43651
61471
36307
17317

52453
16453
12619
92413
37171

52453
26029
20593
98101
13933

52453
44623
20359
14563
79111

52453
53731
37441
36307
31177

52543
45541
60607
35227
17191

52561
33427
11719
76231
37171

52813
24247
82531
14347
37171

52813
73351
35461
36307
13177

53173
23167
54721
62137
17911

53173
81307
43651
19801
13177

53281
50581
47701
42409
17137

53281
61057
61543
17911
17317

53353
45541
27253
13249
71713

53353
81181
36541
22717
17317

53551
11467
43651
85303
17137

53551
41257
31573
67411
17317

54163
21871
36541
61417
37117

54163
23059
25633
94321
13933

54163
31771
36541
51517
37117

54217
25741
36217
63541
31393

54217
51481
36217
51481
17713

54217
55621
36451
33049
31771

54361
15733
43291
26407
71317

54631
23167
36433
65701
31177

54631
25057
55621
44029
31771

54631
51157
37423
36721
31177

55333
25561
27253
31249
71713

56611
40357
63541
37423
13177

56611
61363
63541
16417
13177

56611
61543
63541
18217
11197

57223
70183
23509
42283
17911

57241
11467
95401
15823
31177

57241
13627
20719
86131
33391

57331
23563
83431
15607
31177

58231
12637
52291
16633
71317

58231
22717
23509
35461
71191

59221
50581
41761
42409
17137
