1 809825
89 13175
112 17486
131 7160
132 6864
151 8350
159 3381
189 2379
195 2893
205 1384
207 3456
253 884
267 19896
288 29891
308 4175
357 35719
359 2505
362 11917
371 139765
419 23712
432 27540
465 60192
492 102480
532 35348
615 98586
701 4962
726 144177
734 33084
748 4690
754 803315
764 227630
791 86926
793 43672
795 96038
797 650
803 309375
804 479390
806 13849
813 454954
814 89430
833 258732
843 676720
846 297420
851 316159
864 74721
875 54490
883 171547
885 470849
902 121261
907 298915
911 89367
914 115283
915 1097035
918 30874
919 6410
924 292546
928 2440
932 73790
934 125513
936 121532
941 34051
942 3816493
943 126113
947 13176
951 176379
955 159889
956 21422
957 667667
959 74176
960 107376
961 2943216
962 302286
965 44
967 13485
969 1404238
970 566514
971 4386460
973 97988
974 757788
977 2219536
978 1654234
980 100503
981 236340
983 176111
984 1189860
985 231660
986 2240451
987 8817461
988 1140768
989 651084
990 8875680
991 2629717
993 231836
994 8534825
995 2779595
996 913865
997 7377168
998 3250000
999 2775900
1000 19347936
1 16629
4 1467
10 944
11 1236
15 3654
19 108
21 4373
24 19954
32 2193
39 17010
45 2637
61 1376
62 1375
68 36
70 1031
79 5652
82 1751
92 2280
93 201
95 5477
97 616
1 1830
2 670
1 29145
3 19890
14 4646
15 2875
21 21424
27 18929
28 8410
29 369
32 4148
33 15090
41 12476
43 201
45 384
46 2800
48 11334
49 1056
51 34758
52 22539
53 4741
54 26718
58 954
59 5463
64 7847
66 5208
68 44730
72 9812
75 34263
76 42231
81 1464
87 34115
90 54612
91 19557
98 132812
100 4999
1 29143
6 5389
8 27204
12 1068
19 1302
26 7292
28 348
30 8711
37 38008
42 1958
45 779
46 37500
51 14144
52 2054
56 2320
57 21406
59 3397
61 1886
63 57
67 91
68 1147
73 819
74 17436
75 2312
76 1086
78 1950
80 2553
89 11063
90 1581
91 1702
94 78776
96 34775
99 8
100 735
1 7223
2 1845
3 711
5 6014
7 435
9 838
22 715
23 136
24 83
27 4107
34 2649
37 1996
42 613
46 2450
48 18
51 8790
52 2187
56 17367
57 7205
59 654
66 1054
67 7148
74 50
75 1969
81 864
89 1416
96 414
98 5472
99 5577
1 39400
2 600600
1 91
2 84
3 187
4 38
1 396
32 9604
1 32167
4 1255
7 166
8 3078
15 378
19 2542
23 70
24 150
25 728
30 3315
31 873
32 5894
34 2272
35 125
37 13560
39 1330
41 1380
57 1546
64 264
70 13820
72 1339
77 18973
79 5254
83 32423
84 15141
85 3465
86 2974
87 10736
88 23542
89 38552
91 19426
92 4180
93 67554
94 30345
95 75908
96 91212
97 23943
98 35453
99 48026
100 6641
1 26408
2 2957
4 3853
5 2077
8 1289
10 11298
13 28776
14 1734
16 61
24 3052
30 543
33 20536
37 5607
45 1610
50 192
52 7230
54 6129
59 15299
61 2628
62 15733
63 4690
64 1232
70 1470
74 3168
75 1493
76 959
77 5925
86 1048
89 75
96 6260
97 3352
98 10466
100 2850
